<?xml version="1.0" encoding="UTF-8"?>
<testng-results skipped="0" failed="0" ignored="0" total="1" passed="1">
  <reporter-output>
  </reporter-output>
  <suite name="Default suite" duration-ms="41" started-at="2020-05-07T09:27:17 IST" finished-at="2020-05-07T09:27:17 IST">
    <groups>
    </groups>
    <test name="Default test" duration-ms="41" started-at="2020-05-07T09:27:17 IST" finished-at="2020-05-07T09:27:17 IST">
      <class name="com.tests.LoginTest">
        <test-method status="PASS" signature="test1()[pri:0, instance:com.tests.LoginTest@79be0360]" name="test1" duration-ms="8" started-at="2020-05-07T09:27:17 IST" finished-at="2020-05-07T09:27:17 IST">
          <reporter-output>
          </reporter-output>
        </test-method> <!-- test1 -->
      </class> <!-- com.tests.LoginTest -->
    </test> <!-- Default test -->
  </suite> <!-- Default suite -->
</testng-results>
